<?xml version="1.0" encoding="UTF-8"?>
<testsuite name="Com.noticias.api.ApiNoticiasApplicationTests" tests="1" skipped="0" failures="0" errors="0" timestamp="2025-11-06T22:16:23.396Z" hostname="DESKTOP-PGPO0TG" time="1.099">
  <properties/>
  <testcase name="contextLoads()" classname="Com.noticias.api.ApiNoticiasApplicationTests" time="1.099"/>
  <system-out><![CDATA[19:16:12.699 [Test worker] INFO org.springframework.test.context.support.AnnotationConfigContextLoaderUtils -- Could not detect default configuration classes for test class [Com.noticias.api.ApiNoticiasApplicationTests]: ApiNoticiasApplicationTests does not declare any static, non-private, non-final, nested classes annotated with @Configuration.
19:16:12.959 [Test worker] INFO org.springframework.boot.test.context.SpringBootTestContextBootstrapper -- Found @SpringBootConfiguration com.noticias.api.ApiNoticiasApplication for test class Com.noticias.api.ApiNoticiasApplicationTests

  .   ____          _            __ _ _
 /\\ / ___'_ __ _ _(_)_ __  __ _ \ \ \ \
( ( )\___ | '_ | '_| | '_ \/ _` | \ \ \ \
 \\/  ___)| |_)| | | | | || (_| |  ) ) ) )
  '  |____| .__|_| |_|_| |_\__, | / / / /
 =========|_|==============|___/=/_/_/_/

 :: Spring Boot ::                (v3.3.4)

2025-11-06T19:16:14.165-03:00  INFO 20484 --- [api-noticias] [    Test worker] C.n.api.ApiNoticiasApplicationTests      : Starting ApiNoticiasApplicationTests using Java 22.0.1 with PID 20484 (started by joao in C:\Users\joao\Downloads\api projetonexa\api)
2025-11-06T19:16:14.168-03:00  INFO 20484 --- [api-noticias] [    Test worker] C.n.api.ApiNoticiasApplicationTests      : No active profile set, falling back to 1 default profile: "default"
2025-11-06T19:16:15.882-03:00  INFO 20484 --- [api-noticias] [    Test worker] .s.d.r.c.RepositoryConfigurationDelegate : Bootstrapping Spring Data JPA repositories in DEFAULT mode.
2025-11-06T19:16:16.037-03:00  INFO 20484 --- [api-noticias] [    Test worker] .s.d.r.c.RepositoryConfigurationDelegate : Finished Spring Data repository scanning in 126 ms. Found 1 JPA repository interface.
2025-11-06T19:16:17.009-03:00  INFO 20484 --- [api-noticias] [    Test worker] com.zaxxer.hikari.HikariDataSource       : HikariPool-1 - Starting...
2025-11-06T19:16:17.526-03:00  INFO 20484 --- [api-noticias] [    Test worker] com.zaxxer.hikari.pool.HikariPool        : HikariPool-1 - Added connection conn0: url=jdbc:h2:mem:93ae7aca-9f85-4e68-b406-d3f0d470d6af user=SA
2025-11-06T19:16:17.541-03:00  INFO 20484 --- [api-noticias] [    Test worker] com.zaxxer.hikari.HikariDataSource       : HikariPool-1 - Start completed.
2025-11-06T19:16:17.657-03:00  INFO 20484 --- [api-noticias] [    Test worker] o.hibernate.jpa.internal.util.LogHelper  : HHH000204: Processing PersistenceUnitInfo [name: default]
2025-11-06T19:16:17.848-03:00  INFO 20484 --- [api-noticias] [    Test worker] org.hibernate.Version                    : HHH000412: Hibernate ORM core version 6.5.3.Final
2025-11-06T19:16:17.952-03:00  INFO 20484 --- [api-noticias] [    Test worker] o.h.c.internal.RegionFactoryInitiator    : HHH000026: Second-level cache disabled
2025-11-06T19:16:18.783-03:00  INFO 20484 --- [api-noticias] [    Test worker] o.s.o.j.p.SpringPersistenceUnitInfo      : No LoadTimeWeaver setup: ignoring JPA class transformer
2025-11-06T19:16:20.847-03:00  INFO 20484 --- [api-noticias] [    Test worker] o.h.e.t.j.p.i.JtaPlatformInitiator       : HHH000489: No JTA platform available (set 'hibernate.transaction.jta.platform' to enable JTA platform integration)
2025-11-06T19:16:20.942-03:00  INFO 20484 --- [api-noticias] [    Test worker] j.LocalContainerEntityManagerFactoryBean : Initialized JPA EntityManagerFactory for persistence unit 'default'
2025-11-06T19:16:21.560-03:00  WARN 20484 --- [api-noticias] [    Test worker] JpaBaseConfiguration$JpaWebConfiguration : spring.jpa.open-in-view is enabled by default. Therefore, database queries may be performed during view rendering. Explicitly configure spring.jpa.open-in-view to disable this warning
2025-11-06T19:16:23.339-03:00  INFO 20484 --- [api-noticias] [    Test worker] C.n.api.ApiNoticiasApplicationTests      : Started ApiNoticiasApplicationTests in 9.908 seconds (process running for 13.277)
]]></system-out>
  <system-err><![CDATA[WARNING: A Java agent has been loaded dynamically (C:\Users\joao\.gradle\caches\modules-2\files-2.1\net.bytebuddy\byte-buddy-agent\1.14.19\154da3a65b4f4a909d3e5bdec55d1b2b4cbb6ce1\byte-buddy-agent-1.14.19.jar)
WARNING: If a serviceability tool is in use, please run with -XX:+EnableDynamicAgentLoading to hide this warning
WARNING: If a serviceability tool is not in use, please run with -Djdk.instrument.traceUsage for more information
WARNING: Dynamic loading of agents will be disallowed by default in a future release
]]></system-err>
</testsuite>
